{"uuid":"50b8e054-0e42-4fa7-9807-77e1eebe5f3e","historyId":"82a72bb9e35c8c9442291608c90ddc36","fullName":"Pages.BaseTest.setUp","labels":[{"name":"package","value":"Test.SignInTest"},{"name":"testClass","value":"Test.SignInTest"},{"name":"testMethod","value":"setUp"},{"name":"parentSuite","value":"Default Suite"},{"name":"suite","value":"DemoTestAutomation"},{"name":"subSuite","value":"Test.SignInTest"},{"name":"host","value":"Seyhun"},{"name":"thread","value":"12356@Seyhun.main(1)"},{"name":"framework","value":"testng"},{"name":"language","value":"java"},{"name":"AS_ID","value":"-1"}],"links":[],"name":"setUp","status":"broken","statusDetails":{"known":false,"muted":false,"flaky":false,"message":"Unable to obtain: Capabilities {acceptInsecureCerts: true, browserName: firefox, moz:debuggerAddress: true, moz:firefoxOptions: {}}","trace":"org.openqa.selenium.remote.NoSuchDriverException: Unable to obtain: Capabilities {acceptInsecureCerts: true, browserName: firefox, moz:debuggerAddress: true, moz:firefoxOptions: {}}\r\n\tat org.openqa.selenium.remote.service.DriverFinder.getPath(DriverFinder.java:29)\r\n\tat org.openqa.selenium.firefox.FirefoxDriver.generateExecutor(FirefoxDriver.java:139)\r\n\tat org.openqa.selenium.firefox.FirefoxDriver.<init>(FirefoxDriver.java:130)\r\n\tat org.openqa.selenium.firefox.FirefoxDriver.<init>(FirefoxDriver.java:125)\r\n\tat org.openqa.selenium.firefox.FirefoxDriver.<init>(FirefoxDriver.java:110)\r\n\tat org.openqa.selenium.firefox.FirefoxDriver.<init>(FirefoxDriver.java:100)\r\n\tat Pages.BaseTest.setUp(BaseTest.java:15)\r\n\tat java.base/jdk.internal.reflect.DirectMethodHandleAccessor.invoke(DirectMethodHandleAccessor.java:104)\r\n\tat java.base/java.lang.reflect.Method.invoke(Method.java:578)\r\n\tat org.testng.internal.invokers.MethodInvocationHelper.invokeMethod(MethodInvocationHelper.java:139)\r\n\tat org.testng.internal.invokers.MethodInvocationHelper.invokeMethodConsideringTimeout(MethodInvocationHelper.java:69)\r\n\tat org.testng.internal.invokers.ConfigInvoker.invokeConfigurationMethod(ConfigInvoker.java:361)\r\n\tat org.testng.internal.invokers.ConfigInvoker.invokeConfigurations(ConfigInvoker.java:296)\r\n\tat org.testng.TestRunner.invokeTestConfigurations(TestRunner.java:644)\r\n\tat org.testng.TestRunner.beforeRun(TestRunner.java:633)\r\n\tat org.testng.TestRunner.run(TestRunner.java:595)\r\n\tat org.testng.SuiteRunner.runTest(SuiteRunner.java:437)\r\n\tat org.testng.SuiteRunner.runSequentially(SuiteRunner.java:431)\r\n\tat org.testng.SuiteRunner.privateRun(SuiteRunner.java:391)\r\n\tat org.testng.SuiteRunner.run(SuiteRunner.java:330)\r\n\tat org.testng.SuiteRunnerWorker.runSuite(SuiteRunnerWorker.java:52)\r\n\tat org.testng.SuiteRunnerWorker.run(SuiteRunnerWorker.java:95)\r\n\tat org.testng.TestNG.runSuitesSequentially(TestNG.java:1256)\r\n\tat org.testng.TestNG.runSuitesLocally(TestNG.java:1176)\r\n\tat org.testng.TestNG.runSuites(TestNG.java:1099)\r\n\tat org.testng.TestNG.run(TestNG.java:1067)\r\n\tat com.intellij.rt.testng.IDEARemoteTestNG.run(IDEARemoteTestNG.java:66)\r\n\tat com.intellij.rt.testng.RemoteTestNGStarter.main(RemoteTestNGStarter.java:109)\r\nCaused by: org.openqa.selenium.WebDriverException: Unsuccessful command executed: [C:\\Users\\90541\\AppData\\Local\\Temp\\selenium-manager2898162464021002323244276039014973\\selenium-manager.exe, --browser, firefox, --output, json]\nerror sending request for url (https://github.com/mozilla/geckodriver/releases/latest): error trying to connect: dns error: Bilinen b√∂yle bir ana bilgisayar yok. (os error 11001)\nBuild info: version: '4.10.0', revision: 'c14d967899'\nSystem info: os.name: 'Windows 11', os.arch: 'amd64', os.version: '10.0', java.version: '19.0.2'\nDriver info: driver.version: FirefoxDriver\r\n\tat org.openqa.selenium.manager.SeleniumManager.runCommand(SeleniumManager.java:130)\r\n\tat org.openqa.selenium.manager.SeleniumManager.getDriverPath(SeleniumManager.java:251)\r\n\tat org.openqa.selenium.remote.service.DriverFinder.getPath(DriverFinder.java:27)\r\n\t... 27 more\r\n"},"stage":"finished","steps":[],"attachments":[],"parameters":[],"start":1708295862708,"stop":1708295862710}